<?xml version="1.0" encoding="UTF-8"?>
<!-- Generated by org.testng.reporters.JUnitReportReporter -->
<testsuite hostname="Flipkarts-MacBook-Pro-133.local" name="tests.website.discovery.landing.src.LandingPageTests" tests="1" failures="0" timestamp="5 Mar 2013 13:31:03 GMT" time="7.522" errors="0">
  <testcase name="verifyClothes" time="7.522" classname="tests.website.discovery.landing.src.LandingPageTests"/>
</testsuite> <!-- tests.website.discovery.landing.src.LandingPageTests -->
